<?xml version="1.0" encoding="UTF-8"?>
<testng-results ignored="0" total="1" passed="1" failed="0" skipped="0">
  <reporter-output>
  </reporter-output>
  <suite started-at="2023-09-02T13:54:04 EEST" name="Surefire suite" finished-at="2023-09-02T13:54:25 EEST" duration-ms="20807">
    <groups>
    </groups>
    <test started-at="2023-09-02T13:54:04 EEST" name="Surefire test" finished-at="2023-09-02T13:54:25 EEST" duration-ms="20807">
      <class name="venya.google.Test.Googletest">
        <test-method is-config="true" signature="setUpDriver()[pri:0, instance:venya.google.Test.Googletest@2b546384]" started-at="2023-09-02T13:54:04 EEST" name="setUpDriver" finished-at="2023-09-02T13:54:14 EEST" duration-ms="9533" status="PASS">
          <reporter-output>
          </reporter-output>
        </test-method> <!-- setUpDriver -->
        <test-method signature="search()[pri:0, instance:venya.google.Test.Googletest@2b546384]" started-at="2023-09-02T13:54:14 EEST" name="search" finished-at="2023-09-02T13:54:25 EEST" duration-ms="11142" status="PASS">
          <reporter-output>
          </reporter-output>
        </test-method> <!-- search -->
        <test-method is-config="true" signature="quiteDriver()[pri:0, instance:venya.google.Test.Googletest@2b546384]" started-at="2023-09-02T13:54:25 EEST" name="quiteDriver" finished-at="2023-09-02T13:54:25 EEST" duration-ms="112" status="PASS">
          <reporter-output>
          </reporter-output>
        </test-method> <!-- quiteDriver -->
      </class> <!-- venya.google.Test.Googletest -->
    </test> <!-- Surefire test -->
  </suite> <!-- Surefire suite -->
</testng-results>
